<?xml version="1.0" encoding="UTF-8"?>
<testng-results ignored="0" total="2" passed="2" failed="0" skipped="0">
  <reporter-output>
  </reporter-output>
  <suite started-at="2026-02-27T18:56:14 IST" name="Suite" finished-at="2026-02-27T18:56:52 IST" duration-ms="38593">
    <groups>
    </groups>
    <test started-at="2026-02-27T18:56:14 IST" name="firefoxtest" finished-at="2026-02-27T18:56:52 IST" duration-ms="38345">
      <class name="framework.Testing2">
        <test-method is-config="true" signature="browserLaunch(java.lang.String)[pri:0, instance:framework.Testing2@24aed80c]" started-at="2026-02-27T18:56:14 IST" name="browserLaunch" finished-at="2026-02-27T18:56:21 IST" duration-ms="7132" status="PASS">
          <params>
            <param index="0">
              <value>
                <![CDATA[firefox]]>
              </value>
            </param>
          </params>
          <reporter-output>
          </reporter-output>
        </test-method> <!-- browserLaunch -->
        <test-method is-config="true" signature="urlget(java.lang.String)[pri:0, instance:framework.Testing2@24aed80c]" started-at="2026-02-27T18:56:21 IST" name="urlget" finished-at="2026-02-27T18:56:43 IST" duration-ms="22386" status="PASS">
          <params>
            <param index="0">
              <value>
                <![CDATA[https://opensource-demo.orangehrmlive.com/web/index.php/auth/login]]>
              </value>
            </param>
          </params>
          <reporter-output>
          </reporter-output>
        </test-method> <!-- urlget -->
        <test-method signature="ValidloginTest(java.lang.String,java.lang.String)[pri:0, instance:framework.Testing2@24aed80c]" started-at="2026-02-27T18:56:43 IST" name="ValidloginTest" finished-at="2026-02-27T18:56:49 IST" duration-ms="5423" status="PASS">
          <params>
            <param index="0">
              <value>
                <![CDATA[Admin]]>
              </value>
            </param>
            <param index="1">
              <value>
                <![CDATA[admin123]]>
              </value>
            </param>
          </params>
          <reporter-output>
          </reporter-output>
        </test-method> <!-- ValidloginTest -->
        <test-method is-config="true" signature="browserclose()[pri:0, instance:framework.Testing2@24aed80c]" started-at="2026-02-27T18:56:49 IST" name="browserclose" finished-at="2026-02-27T18:56:52 IST" duration-ms="3293" status="PASS">
          <reporter-output>
          </reporter-output>
        </test-method> <!-- browserclose -->
      </class> <!-- framework.Testing2 -->
    </test> <!-- firefoxtest -->
    <test started-at="2026-02-27T18:56:14 IST" name="Test" finished-at="2026-02-27T18:56:52 IST" duration-ms="38593">
      <class name="framework.Testing2">
        <test-method is-config="true" signature="browserLaunch(java.lang.String)[pri:0, instance:framework.Testing2@1165b38]" started-at="2026-02-27T18:56:14 IST" name="browserLaunch" finished-at="2026-02-27T18:56:32 IST" duration-ms="18557" status="PASS">
          <params>
            <param index="0">
              <value>
                <![CDATA[Chrome]]>
              </value>
            </param>
          </params>
          <reporter-output>
          </reporter-output>
        </test-method> <!-- browserLaunch -->
        <test-method is-config="true" signature="urlget(java.lang.String)[pri:0, instance:framework.Testing2@1165b38]" started-at="2026-02-27T18:56:32 IST" name="urlget" finished-at="2026-02-27T18:56:47 IST" duration-ms="14361" status="PASS">
          <params>
            <param index="0">
              <value>
                <![CDATA[https://opensource-demo.orangehrmlive.com/web/index.php/auth/login]]>
              </value>
            </param>
          </params>
          <reporter-output>
          </reporter-output>
        </test-method> <!-- urlget -->
        <test-method signature="ValidloginTest(java.lang.String,java.lang.String)[pri:0, instance:framework.Testing2@1165b38]" started-at="2026-02-27T18:56:47 IST" name="ValidloginTest" finished-at="2026-02-27T18:56:52 IST" duration-ms="5276" status="PASS">
          <params>
            <param index="0">
              <value>
                <![CDATA[Admin]]>
              </value>
            </param>
            <param index="1">
              <value>
                <![CDATA[admin123]]>
              </value>
            </param>
          </params>
          <reporter-output>
          </reporter-output>
        </test-method> <!-- ValidloginTest -->
        <test-method is-config="true" signature="browserclose()[pri:0, instance:framework.Testing2@1165b38]" started-at="2026-02-27T18:56:52 IST" name="browserclose" finished-at="2026-02-27T18:56:52 IST" duration-ms="324" status="PASS">
          <reporter-output>
          </reporter-output>
        </test-method> <!-- browserclose -->
      </class> <!-- framework.Testing2 -->
    </test> <!-- Test -->
  </suite> <!-- Suite -->
</testng-results>
